Начинаем эволюцию...

 ****** Running generation 0 ****** 

Population's average fitness: 15.76000 stdev: 9.28129
Best fitness: 44.00000 - size: (2, 8) - species 1 - id 27
Average adjusted fitness: 0.216
Mean genetic distance 1.295, standard deviation 0.311
Population of 50 members in 1 species (after reproduction):
   ID   age  size   fitness   adj fit  stag
  ====  ===  ====  =========  =======  ====
     1    0    50     44.000    0.216     0
Total extinctions: 0
Generation time: 0.013 sec

 ****** Running generation 1 ****** 

Population's average fitness: 38.12000 stdev: 40.13808
Best fitness: 248.00000 - size: (2, 7) - species 1 - id 71
Average adjusted fitness: 0.126
Mean genetic distance 1.192, standard deviation 0.251
Population of 50 members in 1 species (after reproduction):
   ID   age  size   fitness   adj fit  stag
  ====  ===  ====  =========  =======  ====
     1    1    50    248.000    0.126     0
Total extinctions: 0
Generation time: 0.020 sec (0.017 average)

 ****** Running generation 2 ****** 

Population's average fitness: 57.06000 stdev: 82.89883
Best fitness: 500.00000 - size: (2, 6) - species 1 - id 118

Best individual in generation 2 meets fitness threshold - complexity: (2, 6)

Эволюция завершена! Лучший геном: Key: 118
Fitness: 500.0
Nodes:
	0 DefaultNodeGene(key=0, bias=0.5719984843564836, response=1.0, activation=relu, aggregation=sum, time_constant=1.0)
	1 DefaultNodeGene(key=1, bias=0.6683244353756949, response=1.0, activation=relu, aggregation=sum, time_constant=1.0)
Connections:
	DefaultConnectionGene(key=(-4, 1), innovation=8, weight=2.4200377099709804, enabled=True)
	DefaultConnectionGene(key=(-3, 0), innovation=5, weight=-0.8026498133811892, enabled=True)
	DefaultConnectionGene(key=(-3, 1), innovation=6, weight=1.6082399497753244, enabled=True)
	DefaultConnectionGene(key=(-2, 0), innovation=3, weight=0.7262408925734442, enabled=False)
	DefaultConnectionGene(key=(-2, 1), innovation=4, weight=0.8632748376680169, enabled=True)
	DefaultConnectionGene(key=(-1, 0), innovation=1, weight=0.31115895391063775, enabled=True)
	DefaultConnectionGene(key=(-1, 1), innovation=2, weight=0.22356624658369773, enabled=True)

Запускаем демонстрацию лучшего агента...
