Начинаем эволюцию...

 ****** Running generation 0 ****** 

Population's average fitness: 18.54000 stdev: 23.08611
Best fitness: 105.00000 - size: (2, 8) - species 1 - id 41
Average adjusted fitness: 0.109
Mean genetic distance 1.060, standard deviation 0.315
Population of 50 members in 1 species (after reproduction):
   ID   age  size   fitness   adj fit  stag
  ====  ===  ====  =========  =======  ====
     1    0    50    105.000    0.109     0
Total extinctions: 0
Generation time: 0.016 sec

 ****** Running generation 1 ****** 

Population's average fitness: 25.92000 stdev: 21.77139
Best fitness: 118.00000 - size: (2, 8) - species 1 - id 41
Average adjusted fitness: 0.163
Mean genetic distance 1.023, standard deviation 0.308
Population of 50 members in 1 species (after reproduction):
   ID   age  size   fitness   adj fit  stag
  ====  ===  ====  =========  =======  ====
     1    1    50    118.000    0.163     0
Total extinctions: 0
Generation time: 0.015 sec (0.015 average)

 ****** Running generation 2 ****** 

Population's average fitness: 38.82000 stdev: 32.75344
Best fitness: 142.00000 - size: (2, 8) - species 1 - id 117
Average adjusted fitness: 0.230
Mean genetic distance 1.224, standard deviation 0.359
Population of 50 members in 1 species (after reproduction):
   ID   age  size   fitness   adj fit  stag
  ====  ===  ====  =========  =======  ====
     1    2    50    142.000    0.230     0
Total extinctions: 0
Generation time: 0.020 sec (0.017 average)

 ****** Running generation 3 ****** 

Population's average fitness: 51.20000 stdev: 42.33816
Best fitness: 158.00000 - size: (3, 8) - species 1 - id 166
Average adjusted fitness: 0.288
Mean genetic distance 1.549, standard deviation 0.451
Population of 50 members in 1 species (after reproduction):
   ID   age  size   fitness   adj fit  stag
  ====  ===  ====  =========  =======  ====
     1    3    50    158.000    0.288     0
Total extinctions: 0
Generation time: 0.026 sec (0.019 average)

 ****** Running generation 4 ****** 

Population's average fitness: 86.72000 stdev: 121.97673
Best fitness: 500.00000 - size: (3, 8) - species 1 - id 203

Best individual in generation 4 meets fitness threshold - complexity: (3, 8)

Эволюция завершена! Лучший геном: Key: 203
Fitness: 500.0
Nodes:
	0 DefaultNodeGene(key=0, bias=-1.0347856899096681, response=1.0, activation=relu, aggregation=sum, time_constant=1.0)
	1 DefaultNodeGene(key=1, bias=0.0649533559402646, response=1.0, activation=relu, aggregation=sum, time_constant=1.0)
	27 DefaultNodeGene(key=27, bias=0.0, response=1.0, activation=relu, aggregation=sum, time_constant=1.0)
Connections:
	DefaultConnectionGene(key=(-4, 0), innovation=7, weight=-1.6854769991314082, enabled=True)
	DefaultConnectionGene(key=(-4, 1), innovation=8, weight=1.4521054752960851, enabled=True)
	DefaultConnectionGene(key=(-3, 0), innovation=5, weight=-1.8952581753410223, enabled=True)
	DefaultConnectionGene(key=(-3, 1), innovation=6, weight=1.2127556318896362, enabled=True)
	DefaultConnectionGene(key=(-2, 0), innovation=3, weight=0.6360228807200439, enabled=True)
	DefaultConnectionGene(key=(-1, 0), innovation=1, weight=-2.664105857040323, enabled=False)
	DefaultConnectionGene(key=(-1, 1), innovation=2, weight=-0.04455706652778907, enabled=True)
	DefaultConnectionGene(key=(-1, 27), innovation=67, weight=0.16965891351484708, enabled=True)
	DefaultConnectionGene(key=(27, 0), innovation=68, weight=-1.0269697783322247, enabled=True)

Запускаем демонстрацию лучшего агента...
