=== РАСЧЕТ МЕТРИК ПО ФОРМУЛАМ ИЗ ВКР ===

[Определение 2.1] Скорость обучения:
  Количество поколений до схождения: 204
  Астрономическое время обучения (T_train): 230.445 сек
  Порог фитнеса (200) достигнут: Да
  Общее число симулированных эпизодов: 204000
  Аппроксимированное число шагов среды (N_steps): ~40,800,000 (при S_avg=200)

[Определение 2.2] Качество решения:
  Средняя награда (R_mean): 102.36 (Успехом считается > 200)
  Стабильность (SD_R): 118.76

[Определение 2.3] Сложность модели:
  Количество параметров графа (P): 61
  Активных связей (E_active): 34
  Теоретический максимум связей (E_max): 567
  Плотность связей (D): 0.0600 (6.0%)

[Определение 2.4] Робастность:
  Средняя награда с зашумленными сенсорами (R_noisy): 105.13
  Снижение эффективности от шума (Robustness_noise): -2.70%
  Средняя награда при сильном ветре (R_modified): -84.84
  Снижение эффективности от изменения среды (s_env): 182.88%
