Эпизод: 1/1000 | Награда (Очки): 14.0 | Epsilon: 1.00
Эпизод: 2/1000 | Награда (Очки): 22.0 | Epsilon: 1.00
Эпизод: 3/1000 | Награда (Очки): 46.0 | Epsilon: 0.91
Эпизод: 4/1000 | Награда (Очки): 15.0 | Epsilon: 0.84
Эпизод: 5/1000 | Награда (Очки): 13.0 | Epsilon: 0.79
Эпизод: 6/1000 | Награда (Очки): 35.0 | Epsilon: 0.66
Эпизод: 7/1000 | Награда (Очки): 13.0 | Epsilon: 0.62
Эпизод: 8/1000 | Награда (Очки): 17.0 | Epsilon: 0.57
Эпизод: 9/1000 | Награда (Очки): 21.0 | Epsilon: 0.51
Эпизод: 10/1000 | Награда (Очки): 16.0 | Epsilon: 0.47
Эпизод: 11/1000 | Награда (Очки): 11.0 | Epsilon: 0.45
Эпизод: 12/1000 | Награда (Очки): 13.0 | Epsilon: 0.42
Эпизод: 13/1000 | Награда (Очки): 9.0 | Epsilon: 0.40
Эпизод: 14/1000 | Награда (Очки): 15.0 | Epsilon: 0.37
Эпизод: 15/1000 | Награда (Очки): 21.0 | Epsilon: 0.34
Эпизод: 16/1000 | Награда (Очки): 13.0 | Epsilon: 0.31
Эпизод: 17/1000 | Награда (Очки): 9.0 | Epsilon: 0.30
Эпизод: 18/1000 | Награда (Очки): 9.0 | Epsilon: 0.29
Эпизод: 19/1000 | Награда (Очки): 12.0 | Epsilon: 0.27
Эпизод: 20/1000 | Награда (Очки): 10.0 | Epsilon: 0.26
Эпизод: 21/1000 | Награда (Очки): 10.0 | Epsilon: 0.24
Эпизод: 22/1000 | Награда (Очки): 9.0 | Epsilon: 0.23
Эпизод: 23/1000 | Награда (Очки): 13.0 | Epsilon: 0.22
Эпизод: 24/1000 | Награда (Очки): 10.0 | Epsilon: 0.21
Эпизод: 25/1000 | Награда (Очки): 13.0 | Epsilon: 0.20
Эпизод: 26/1000 | Награда (Очки): 10.0 | Epsilon: 0.19
Эпизод: 27/1000 | Награда (Очки): 10.0 | Epsilon: 0.18
Эпизод: 28/1000 | Награда (Очки): 11.0 | Epsilon: 0.17
Эпизод: 29/1000 | Награда (Очки): 10.0 | Epsilon: 0.16
Эпизод: 30/1000 | Награда (Очки): 11.0 | Epsilon: 0.15
Эпизод: 31/1000 | Награда (Очки): 14.0 | Epsilon: 0.14
Эпизод: 32/1000 | Награда (Очки): 11.0 | Epsilon: 0.13
Эпизод: 33/1000 | Награда (Очки): 8.0 | Epsilon: 0.13
Эпизод: 34/1000 | Награда (Очки): 9.0 | Epsilon: 0.12
Эпизод: 35/1000 | Награда (Очки): 11.0 | Epsilon: 0.12
Эпизод: 36/1000 | Награда (Очки): 9.0 | Epsilon: 0.11
Эпизод: 37/1000 | Награда (Очки): 11.0 | Epsilon: 0.10
Эпизод: 38/1000 | Награда (Очки): 9.0 | Epsilon: 0.10
Эпизод: 39/1000 | Награда (Очки): 9.0 | Epsilon: 0.10
Эпизод: 40/1000 | Награда (Очки): 12.0 | Epsilon: 0.09
Эпизод: 41/1000 | Награда (Очки): 9.0 | Epsilon: 0.09
Эпизод: 42/1000 | Награда (Очки): 13.0 | Epsilon: 0.08
Эпизод: 43/1000 | Награда (Очки): 12.0 | Epsilon: 0.08
Эпизод: 44/1000 | Награда (Очки): 9.0 | Epsilon: 0.07
Эпизод: 45/1000 | Награда (Очки): 9.0 | Epsilon: 0.07
Эпизод: 46/1000 | Награда (Очки): 9.0 | Epsilon: 0.07
Эпизод: 47/1000 | Награда (Очки): 10.0 | Epsilon: 0.06
Эпизод: 48/1000 | Награда (Очки): 9.0 | Epsilon: 0.06
Эпизод: 49/1000 | Награда (Очки): 8.0 | Epsilon: 0.06
Эпизод: 50/1000 | Награда (Очки): 8.0 | Epsilon: 0.06
Эпизод: 51/1000 | Награда (Очки): 10.0 | Epsilon: 0.05
Эпизод: 52/1000 | Награда (Очки): 9.0 | Epsilon: 0.05
Эпизод: 53/1000 | Награда (Очки): 9.0 | Epsilon: 0.05
Эпизод: 54/1000 | Награда (Очки): 9.0 | Epsilon: 0.05
Эпизод: 55/1000 | Награда (Очки): 9.0 | Epsilon: 0.04
Эпизод: 56/1000 | Награда (Очки): 10.0 | Epsilon: 0.04
Эпизод: 57/1000 | Награда (Очки): 10.0 | Epsilon: 0.04
Эпизод: 58/1000 | Награда (Очки): 9.0 | Epsilon: 0.04
Эпизод: 59/1000 | Награда (Очки): 11.0 | Epsilon: 0.04
Эпизод: 60/1000 | Награда (Очки): 9.0 | Epsilon: 0.03
Эпизод: 61/1000 | Награда (Очки): 10.0 | Epsilon: 0.03
Эпизод: 62/1000 | Награда (Очки): 9.0 | Epsilon: 0.03
Эпизод: 63/1000 | Награда (Очки): 9.0 | Epsilon: 0.03
Эпизод: 64/1000 | Награда (Очки): 10.0 | Epsilon: 0.03
Эпизод: 65/1000 | Награда (Очки): 9.0 | Epsilon: 0.03
Эпизод: 66/1000 | Награда (Очки): 8.0 | Epsilon: 0.03
Эпизод: 67/1000 | Награда (Очки): 9.0 | Epsilon: 0.02
Эпизод: 68/1000 | Награда (Очки): 10.0 | Epsilon: 0.02
Эпизод: 69/1000 | Награда (Очки): 9.0 | Epsilon: 0.02
Эпизод: 70/1000 | Награда (Очки): 8.0 | Epsilon: 0.02
Эпизод: 71/1000 | Награда (Очки): 10.0 | Epsilon: 0.02
Эпизод: 72/1000 | Награда (Очки): 10.0 | Epsilon: 0.02
Эпизод: 73/1000 | Награда (Очки): 9.0 | Epsilon: 0.02
Эпизод: 74/1000 | Награда (Очки): 10.0 | Epsilon: 0.02
Эпизод: 75/1000 | Награда (Очки): 10.0 | Epsilon: 0.02
Эпизод: 76/1000 | Награда (Очки): 9.0 | Epsilon: 0.02
Эпизод: 77/1000 | Награда (Очки): 9.0 | Epsilon: 0.02
Эпизод: 78/1000 | Награда (Очки): 9.0 | Epsilon: 0.01
Эпизод: 79/1000 | Награда (Очки): 8.0 | Epsilon: 0.01
Эпизод: 80/1000 | Награда (Очки): 10.0 | Epsilon: 0.01
Эпизод: 81/1000 | Награда (Очки): 9.0 | Epsilon: 0.01
Эпизод: 82/1000 | Награда (Очки): 10.0 | Epsilon: 0.01
Эпизод: 83/1000 | Награда (Очки): 10.0 | Epsilon: 0.01
Эпизод: 84/1000 | Награда (Очки): 10.0 | Epsilon: 0.01
Эпизод: 85/1000 | Награда (Очки): 10.0 | Epsilon: 0.01
Эпизод: 86/1000 | Награда (Очки): 10.0 | Epsilon: 0.01
Эпизод: 87/1000 | Награда (Очки): 10.0 | Epsilon: 0.01
Эпизод: 88/1000 | Награда (Очки): 10.0 | Epsilon: 0.01
Эпизод: 89/1000 | Награда (Очки): 10.0 | Epsilon: 0.01
Эпизод: 90/1000 | Награда (Очки): 9.0 | Epsilon: 0.01
Эпизод: 91/1000 | Награда (Очки): 10.0 | Epsilon: 0.01
Эпизод: 92/1000 | Награда (Очки): 9.0 | Epsilon: 0.01
Эпизод: 93/1000 | Награда (Очки): 9.0 | Epsilon: 0.01
Эпизод: 94/1000 | Награда (Очки): 10.0 | Epsilon: 0.01
Эпизод: 95/1000 | Награда (Очки): 10.0 | Epsilon: 0.01
Эпизод: 96/1000 | Награда (Очки): 23.0 | Epsilon: 0.01
Эпизод: 97/1000 | Награда (Очки): 26.0 | Epsilon: 0.01
Эпизод: 98/1000 | Награда (Очки): 141.0 | Epsilon: 0.01
Эпизод: 99/1000 | Награда (Очки): 70.0 | Epsilon: 0.01
Эпизод: 100/1000 | Награда (Очки): 86.0 | Epsilon: 0.01
Эпизод: 101/1000 | Награда (Очки): 88.0 | Epsilon: 0.01
Эпизод: 102/1000 | Награда (Очки): 34.0 | Epsilon: 0.01
Эпизод: 103/1000 | Награда (Очки): 70.0 | Epsilon: 0.01
Эпизод: 104/1000 | Награда (Очки): 53.0 | Epsilon: 0.01
Эпизод: 105/1000 | Награда (Очки): 82.0 | Epsilon: 0.01
Эпизод: 106/1000 | Награда (Очки): 43.0 | Epsilon: 0.01
Эпизод: 107/1000 | Награда (Очки): 47.0 | Epsilon: 0.01
Эпизод: 108/1000 | Награда (Очки): 73.0 | Epsilon: 0.01
Эпизод: 109/1000 | Награда (Очки): 131.0 | Epsilon: 0.01
Эпизод: 110/1000 | Награда (Очки): 43.0 | Epsilon: 0.01
Эпизод: 111/1000 | Награда (Очки): 62.0 | Epsilon: 0.01
Эпизод: 112/1000 | Награда (Очки): 63.0 | Epsilon: 0.01
Эпизод: 113/1000 | Награда (Очки): 40.0 | Epsilon: 0.01
Эпизод: 114/1000 | Награда (Очки): 48.0 | Epsilon: 0.01
Эпизод: 115/1000 | Награда (Очки): 73.0 | Epsilon: 0.01
Эпизод: 116/1000 | Награда (Очки): 73.0 | Epsilon: 0.01
Эпизод: 117/1000 | Награда (Очки): 41.0 | Epsilon: 0.01
Эпизод: 118/1000 | Награда (Очки): 74.0 | Epsilon: 0.01
Эпизод: 119/1000 | Награда (Очки): 32.0 | Epsilon: 0.01
Эпизод: 120/1000 | Награда (Очки): 41.0 | Epsilon: 0.01
Эпизод: 121/1000 | Награда (Очки): 52.0 | Epsilon: 0.01
Эпизод: 122/1000 | Награда (Очки): 47.0 | Epsilon: 0.01
Эпизод: 123/1000 | Награда (Очки): 58.0 | Epsilon: 0.01
Эпизод: 124/1000 | Награда (Очки): 37.0 | Epsilon: 0.01
Эпизод: 125/1000 | Награда (Очки): 33.0 | Epsilon: 0.01
Эпизод: 126/1000 | Награда (Очки): 47.0 | Epsilon: 0.01
Эпизод: 127/1000 | Награда (Очки): 43.0 | Epsilon: 0.01
Эпизод: 128/1000 | Награда (Очки): 33.0 | Epsilon: 0.01
Эпизод: 129/1000 | Награда (Очки): 54.0 | Epsilon: 0.01
Эпизод: 130/1000 | Награда (Очки): 39.0 | Epsilon: 0.01
Эпизод: 131/1000 | Награда (Очки): 50.0 | Epsilon: 0.01
Эпизод: 132/1000 | Награда (Очки): 50.0 | Epsilon: 0.01
Эпизод: 133/1000 | Награда (Очки): 41.0 | Epsilon: 0.01
Эпизод: 134/1000 | Награда (Очки): 39.0 | Epsilon: 0.01
Эпизод: 135/1000 | Награда (Очки): 36.0 | Epsilon: 0.01
Эпизод: 136/1000 | Награда (Очки): 42.0 | Epsilon: 0.01
Эпизод: 137/1000 | Награда (Очки): 61.0 | Epsilon: 0.01
Эпизод: 138/1000 | Награда (Очки): 76.0 | Epsilon: 0.01
Эпизод: 139/1000 | Награда (Очки): 108.0 | Epsilon: 0.01
Эпизод: 140/1000 | Награда (Очки): 34.0 | Epsilon: 0.01
Эпизод: 141/1000 | Награда (Очки): 56.0 | Epsilon: 0.01
Эпизод: 142/1000 | Награда (Очки): 45.0 | Epsilon: 0.01
Эпизод: 143/1000 | Награда (Очки): 38.0 | Epsilon: 0.01
Эпизод: 144/1000 | Награда (Очки): 43.0 | Epsilon: 0.01
Эпизод: 145/1000 | Награда (Очки): 79.0 | Epsilon: 0.01
Эпизод: 146/1000 | Награда (Очки): 157.0 | Epsilon: 0.01
Эпизод: 147/1000 | Награда (Очки): 117.0 | Epsilon: 0.01
Эпизод: 148/1000 | Награда (Очки): 68.0 | Epsilon: 0.01
Эпизод: 149/1000 | Награда (Очки): 70.0 | Epsilon: 0.01
Эпизод: 150/1000 | Награда (Очки): 114.0 | Epsilon: 0.01
Эпизод: 151/1000 | Награда (Очки): 70.0 | Epsilon: 0.01
Эпизод: 152/1000 | Награда (Очки): 114.0 | Epsilon: 0.01
Эпизод: 153/1000 | Награда (Очки): 47.0 | Epsilon: 0.01
Эпизод: 154/1000 | Награда (Очки): 44.0 | Epsilon: 0.01
Эпизод: 155/1000 | Награда (Очки): 47.0 | Epsilon: 0.01
Эпизод: 156/1000 | Награда (Очки): 52.0 | Epsilon: 0.01
Эпизод: 157/1000 | Награда (Очки): 69.0 | Epsilon: 0.01
Эпизод: 158/1000 | Награда (Очки): 48.0 | Epsilon: 0.01
Эпизод: 159/1000 | Награда (Очки): 48.0 | Epsilon: 0.01
Эпизод: 160/1000 | Награда (Очки): 88.0 | Epsilon: 0.01
Эпизод: 161/1000 | Награда (Очки): 58.0 | Epsilon: 0.01
Эпизод: 162/1000 | Награда (Очки): 51.0 | Epsilon: 0.01
Эпизод: 163/1000 | Награда (Очки): 80.0 | Epsilon: 0.01
Эпизод: 164/1000 | Награда (Очки): 63.0 | Epsilon: 0.01
Эпизод: 165/1000 | Награда (Очки): 49.0 | Epsilon: 0.01
Эпизод: 166/1000 | Награда (Очки): 46.0 | Epsilon: 0.01
Эпизод: 167/1000 | Награда (Очки): 62.0 | Epsilon: 0.01
Эпизод: 168/1000 | Награда (Очки): 49.0 | Epsilon: 0.01
Эпизод: 169/1000 | Награда (Очки): 62.0 | Epsilon: 0.01
Эпизод: 170/1000 | Награда (Очки): 41.0 | Epsilon: 0.01
Эпизод: 171/1000 | Награда (Очки): 36.0 | Epsilon: 0.01
Эпизод: 172/1000 | Награда (Очки): 89.0 | Epsilon: 0.01
Эпизод: 173/1000 | Награда (Очки): 32.0 | Epsilon: 0.01
Эпизод: 174/1000 | Награда (Очки): 68.0 | Epsilon: 0.01
Эпизод: 175/1000 | Награда (Очки): 42.0 | Epsilon: 0.01
Эпизод: 176/1000 | Награда (Очки): 89.0 | Epsilon: 0.01
Эпизод: 177/1000 | Награда (Очки): 49.0 | Epsilon: 0.01
Эпизод: 178/1000 | Награда (Очки): 54.0 | Epsilon: 0.01
Эпизод: 179/1000 | Награда (Очки): 62.0 | Epsilon: 0.01
Эпизод: 180/1000 | Награда (Очки): 44.0 | Epsilon: 0.01
Эпизод: 181/1000 | Награда (Очки): 42.0 | Epsilon: 0.01
Эпизод: 182/1000 | Награда (Очки): 37.0 | Epsilon: 0.01
Эпизод: 183/1000 | Награда (Очки): 73.0 | Epsilon: 0.01
Эпизод: 184/1000 | Награда (Очки): 91.0 | Epsilon: 0.01
Эпизод: 185/1000 | Награда (Очки): 49.0 | Epsilon: 0.01
Эпизод: 186/1000 | Награда (Очки): 85.0 | Epsilon: 0.01
Эпизод: 187/1000 | Награда (Очки): 69.0 | Epsilon: 0.01
Эпизод: 188/1000 | Награда (Очки): 46.0 | Epsilon: 0.01
Эпизод: 189/1000 | Награда (Очки): 55.0 | Epsilon: 0.01
Эпизод: 190/1000 | Награда (Очки): 38.0 | Epsilon: 0.01
Эпизод: 191/1000 | Награда (Очки): 112.0 | Epsilon: 0.01
Эпизод: 192/1000 | Награда (Очки): 64.0 | Epsilon: 0.01
Эпизод: 193/1000 | Награда (Очки): 67.0 | Epsilon: 0.01
Эпизод: 194/1000 | Награда (Очки): 43.0 | Epsilon: 0.01
Эпизод: 195/1000 | Награда (Очки): 30.0 | Epsilon: 0.01
Эпизод: 196/1000 | Награда (Очки): 48.0 | Epsilon: 0.01
Эпизод: 197/1000 | Награда (Очки): 69.0 | Epsilon: 0.01
Эпизод: 198/1000 | Награда (Очки): 33.0 | Epsilon: 0.01
Эпизод: 199/1000 | Награда (Очки): 47.0 | Epsilon: 0.01
Эпизод: 200/1000 | Награда (Очки): 50.0 | Epsilon: 0.01
Эпизод: 201/1000 | Награда (Очки): 61.0 | Epsilon: 0.01
Эпизод: 202/1000 | Награда (Очки): 39.0 | Epsilon: 0.01
Эпизод: 203/1000 | Награда (Очки): 63.0 | Epsilon: 0.01
Эпизод: 204/1000 | Награда (Очки): 42.0 | Epsilon: 0.01
Эпизод: 205/1000 | Награда (Очки): 43.0 | Epsilon: 0.01
Эпизод: 206/1000 | Награда (Очки): 69.0 | Epsilon: 0.01
Эпизод: 207/1000 | Награда (Очки): 47.0 | Epsilon: 0.01
Эпизод: 208/1000 | Награда (Очки): 70.0 | Epsilon: 0.01
Эпизод: 209/1000 | Награда (Очки): 58.0 | Epsilon: 0.01
Эпизод: 210/1000 | Награда (Очки): 45.0 | Epsilon: 0.01
Эпизод: 211/1000 | Награда (Очки): 68.0 | Epsilon: 0.01
Эпизод: 212/1000 | Награда (Очки): 63.0 | Epsilon: 0.01
Эпизод: 213/1000 | Награда (Очки): 80.0 | Epsilon: 0.01
Эпизод: 214/1000 | Награда (Очки): 57.0 | Epsilon: 0.01
Эпизод: 215/1000 | Награда (Очки): 64.0 | Epsilon: 0.01
Эпизод: 216/1000 | Награда (Очки): 34.0 | Epsilon: 0.01
Эпизод: 217/1000 | Награда (Очки): 87.0 | Epsilon: 0.01
Эпизод: 218/1000 | Награда (Очки): 48.0 | Epsilon: 0.01
Эпизод: 219/1000 | Награда (Очки): 124.0 | Epsilon: 0.01
Эпизод: 220/1000 | Награда (Очки): 67.0 | Epsilon: 0.01
Эпизод: 221/1000 | Награда (Очки): 38.0 | Epsilon: 0.01
Эпизод: 222/1000 | Награда (Очки): 113.0 | Epsilon: 0.01
Эпизод: 223/1000 | Награда (Очки): 66.0 | Epsilon: 0.01
Эпизод: 224/1000 | Награда (Очки): 129.0 | Epsilon: 0.01
Эпизод: 225/1000 | Награда (Очки): 70.0 | Epsilon: 0.01
Эпизод: 226/1000 | Награда (Очки): 156.0 | Epsilon: 0.01
Эпизод: 227/1000 | Награда (Очки): 85.0 | Epsilon: 0.01
Эпизод: 228/1000 | Награда (Очки): 77.0 | Epsilon: 0.01
Эпизод: 229/1000 | Награда (Очки): 57.0 | Epsilon: 0.01
Эпизод: 230/1000 | Награда (Очки): 88.0 | Epsilon: 0.01
Эпизод: 231/1000 | Награда (Очки): 61.0 | Epsilon: 0.01
Эпизод: 232/1000 | Награда (Очки): 58.0 | Epsilon: 0.01
Эпизод: 233/1000 | Награда (Очки): 41.0 | Epsilon: 0.01
Эпизод: 234/1000 | Награда (Очки): 84.0 | Epsilon: 0.01
Эпизод: 235/1000 | Награда (Очки): 180.0 | Epsilon: 0.01
Эпизод: 236/1000 | Награда (Очки): 173.0 | Epsilon: 0.01
Эпизод: 237/1000 | Награда (Очки): 85.0 | Epsilon: 0.01
Эпизод: 238/1000 | Награда (Очки): 83.0 | Epsilon: 0.01
Эпизод: 239/1000 | Награда (Очки): 131.0 | Epsilon: 0.01
Эпизод: 240/1000 | Награда (Очки): 43.0 | Epsilon: 0.01
Эпизод: 241/1000 | Награда (Очки): 53.0 | Epsilon: 0.01
Эпизод: 242/1000 | Награда (Очки): 62.0 | Epsilon: 0.01
Эпизод: 243/1000 | Награда (Очки): 54.0 | Epsilon: 0.01
Эпизод: 244/1000 | Награда (Очки): 47.0 | Epsilon: 0.01
Эпизод: 245/1000 | Награда (Очки): 58.0 | Epsilon: 0.01
Эпизод: 246/1000 | Награда (Очки): 142.0 | Epsilon: 0.01
Эпизод: 247/1000 | Награда (Очки): 110.0 | Epsilon: 0.01
Эпизод: 248/1000 | Награда (Очки): 123.0 | Epsilon: 0.01
Эпизод: 249/1000 | Награда (Очки): 131.0 | Epsilon: 0.01
Эпизод: 250/1000 | Награда (Очки): 108.0 | Epsilon: 0.01
Эпизод: 251/1000 | Награда (Очки): 82.0 | Epsilon: 0.01
Эпизод: 252/1000 | Награда (Очки): 150.0 | Epsilon: 0.01
Эпизод: 253/1000 | Награда (Очки): 322.0 | Epsilon: 0.01
Эпизод: 254/1000 | Награда (Очки): 86.0 | Epsilon: 0.01
Эпизод: 255/1000 | Награда (Очки): 102.0 | Epsilon: 0.01
Эпизод: 256/1000 | Награда (Очки): 110.0 | Epsilon: 0.01
Эпизод: 257/1000 | Награда (Очки): 82.0 | Epsilon: 0.01
Эпизод: 258/1000 | Награда (Очки): 66.0 | Epsilon: 0.01
Эпизод: 259/1000 | Награда (Очки): 87.0 | Epsilon: 0.01
Эпизод: 260/1000 | Награда (Очки): 98.0 | Epsilon: 0.01
Эпизод: 261/1000 | Награда (Очки): 93.0 | Epsilon: 0.01
Эпизод: 262/1000 | Награда (Очки): 74.0 | Epsilon: 0.01
Эпизод: 263/1000 | Награда (Очки): 66.0 | Epsilon: 0.01
Эпизод: 264/1000 | Награда (Очки): 74.0 | Epsilon: 0.01
Эпизод: 265/1000 | Награда (Очки): 74.0 | Epsilon: 0.01
Эпизод: 266/1000 | Награда (Очки): 172.0 | Epsilon: 0.01
Эпизод: 267/1000 | Награда (Очки): 86.0 | Epsilon: 0.01
Эпизод: 268/1000 | Награда (Очки): 62.0 | Epsilon: 0.01
Эпизод: 269/1000 | Награда (Очки): 72.0 | Epsilon: 0.01
Эпизод: 270/1000 | Награда (Очки): 66.0 | Epsilon: 0.01
Эпизод: 271/1000 | Награда (Очки): 63.0 | Epsilon: 0.01
Эпизод: 272/1000 | Награда (Очки): 102.0 | Epsilon: 0.01
Эпизод: 273/1000 | Награда (Очки): 47.0 | Epsilon: 0.01
Эпизод: 274/1000 | Награда (Очки): 78.0 | Epsilon: 0.01
Эпизод: 275/1000 | Награда (Очки): 248.0 | Epsilon: 0.01
Эпизод: 276/1000 | Награда (Очки): 231.0 | Epsilon: 0.01
Эпизод: 277/1000 | Награда (Очки): 69.0 | Epsilon: 0.01
Эпизод: 278/1000 | Награда (Очки): 48.0 | Epsilon: 0.01
Эпизод: 279/1000 | Награда (Очки): 58.0 | Epsilon: 0.01
Эпизод: 280/1000 | Награда (Очки): 87.0 | Epsilon: 0.01
Эпизод: 281/1000 | Награда (Очки): 59.0 | Epsilon: 0.01
Эпизод: 282/1000 | Награда (Очки): 51.0 | Epsilon: 0.01
Эпизод: 283/1000 | Награда (Очки): 57.0 | Epsilon: 0.01
Эпизод: 284/1000 | Награда (Очки): 66.0 | Epsilon: 0.01
Эпизод: 285/1000 | Награда (Очки): 59.0 | Epsilon: 0.01
Эпизод: 286/1000 | Награда (Очки): 57.0 | Epsilon: 0.01
Эпизод: 287/1000 | Награда (Очки): 52.0 | Epsilon: 0.01
Эпизод: 288/1000 | Награда (Очки): 86.0 | Epsilon: 0.01
Эпизод: 289/1000 | Награда (Очки): 76.0 | Epsilon: 0.01
Эпизод: 290/1000 | Награда (Очки): 92.0 | Epsilon: 0.01
Эпизод: 291/1000 | Награда (Очки): 43.0 | Epsilon: 0.01
Эпизод: 292/1000 | Награда (Очки): 72.0 | Epsilon: 0.01
Эпизод: 293/1000 | Награда (Очки): 86.0 | Epsilon: 0.01
Эпизод: 294/1000 | Награда (Очки): 78.0 | Epsilon: 0.01
Эпизод: 295/1000 | Награда (Очки): 62.0 | Epsilon: 0.01
Эпизод: 296/1000 | Награда (Очки): 54.0 | Epsilon: 0.01
Эпизод: 297/1000 | Награда (Очки): 138.0 | Epsilon: 0.01
Эпизод: 298/1000 | Награда (Очки): 80.0 | Epsilon: 0.01
Эпизод: 299/1000 | Награда (Очки): 98.0 | Epsilon: 0.01
Эпизод: 300/1000 | Награда (Очки): 40.0 | Epsilon: 0.01
Эпизод: 301/1000 | Награда (Очки): 77.0 | Epsilon: 0.01
Эпизод: 302/1000 | Награда (Очки): 37.0 | Epsilon: 0.01
Эпизод: 303/1000 | Награда (Очки): 66.0 | Epsilon: 0.01
Эпизод: 304/1000 | Награда (Очки): 33.0 | Epsilon: 0.01
Эпизод: 305/1000 | Награда (Очки): 56.0 | Epsilon: 0.01
Эпизод: 306/1000 | Награда (Очки): 54.0 | Epsilon: 0.01
Эпизод: 307/1000 | Награда (Очки): 63.0 | Epsilon: 0.01
Эпизод: 308/1000 | Награда (Очки): 71.0 | Epsilon: 0.01
Эпизод: 309/1000 | Награда (Очки): 42.0 | Epsilon: 0.01
Эпизод: 310/1000 | Награда (Очки): 54.0 | Epsilon: 0.01
Эпизод: 311/1000 | Награда (Очки): 37.0 | Epsilon: 0.01
Эпизод: 312/1000 | Награда (Очки): 44.0 | Epsilon: 0.01
Эпизод: 313/1000 | Награда (Очки): 37.0 | Epsilon: 0.01
Эпизод: 314/1000 | Награда (Очки): 48.0 | Epsilon: 0.01
Эпизод: 315/1000 | Награда (Очки): 40.0 | Epsilon: 0.01
Эпизод: 316/1000 | Награда (Очки): 40.0 | Epsilon: 0.01
Эпизод: 317/1000 | Награда (Очки): 81.0 | Epsilon: 0.01
Эпизод: 318/1000 | Награда (Очки): 39.0 | Epsilon: 0.01
Эпизод: 319/1000 | Награда (Очки): 111.0 | Epsilon: 0.01
Эпизод: 320/1000 | Награда (Очки): 32.0 | Epsilon: 0.01
Эпизод: 321/1000 | Награда (Очки): 59.0 | Epsilon: 0.01
Эпизод: 322/1000 | Награда (Очки): 41.0 | Epsilon: 0.01
Эпизод: 323/1000 | Награда (Очки): 29.0 | Epsilon: 0.01
Эпизод: 324/1000 | Награда (Очки): 38.0 | Epsilon: 0.01
Эпизод: 325/1000 | Награда (Очки): 41.0 | Epsilon: 0.01
Эпизод: 326/1000 | Награда (Очки): 40.0 | Epsilon: 0.01
Эпизод: 327/1000 | Награда (Очки): 29.0 | Epsilon: 0.01
Эпизод: 328/1000 | Награда (Очки): 32.0 | Epsilon: 0.01
Эпизод: 329/1000 | Награда (Очки): 33.0 | Epsilon: 0.01
Эпизод: 330/1000 | Награда (Очки): 35.0 | Epsilon: 0.01
Эпизод: 331/1000 | Награда (Очки): 37.0 | Epsilon: 0.01
Эпизод: 332/1000 | Награда (Очки): 35.0 | Epsilon: 0.01
Эпизод: 333/1000 | Награда (Очки): 34.0 | Epsilon: 0.01
Эпизод: 334/1000 | Награда (Очки): 31.0 | Epsilon: 0.01
Эпизод: 335/1000 | Награда (Очки): 31.0 | Epsilon: 0.01
Эпизод: 336/1000 | Награда (Очки): 38.0 | Epsilon: 0.01
Эпизод: 337/1000 | Награда (Очки): 47.0 | Epsilon: 0.01
Эпизод: 338/1000 | Награда (Очки): 32.0 | Epsilon: 0.01
Эпизод: 339/1000 | Награда (Очки): 49.0 | Epsilon: 0.01
Эпизод: 340/1000 | Награда (Очки): 55.0 | Epsilon: 0.01
Эпизод: 341/1000 | Награда (Очки): 54.0 | Epsilon: 0.01
Эпизод: 342/1000 | Награда (Очки): 97.0 | Epsilon: 0.01
Эпизод: 343/1000 | Награда (Очки): 52.0 | Epsilon: 0.01
Эпизод: 344/1000 | Награда (Очки): 35.0 | Epsilon: 0.01
Эпизод: 345/1000 | Награда (Очки): 118.0 | Epsilon: 0.01
Эпизод: 346/1000 | Награда (Очки): 61.0 | Epsilon: 0.01
Эпизод: 347/1000 | Награда (Очки): 46.0 | Epsilon: 0.01
Эпизод: 348/1000 | Награда (Очки): 61.0 | Epsilon: 0.01
Эпизод: 349/1000 | Награда (Очки): 59.0 | Epsilon: 0.01
Эпизод: 350/1000 | Награда (Очки): 39.0 | Epsilon: 0.01
Эпизод: 351/1000 | Награда (Очки): 47.0 | Epsilon: 0.01
Эпизод: 352/1000 | Награда (Очки): 170.0 | Epsilon: 0.01
Эпизод: 353/1000 | Награда (Очки): 48.0 | Epsilon: 0.01
Эпизод: 354/1000 | Награда (Очки): 60.0 | Epsilon: 0.01
Эпизод: 355/1000 | Награда (Очки): 164.0 | Epsilon: 0.01
Эпизод: 356/1000 | Награда (Очки): 63.0 | Epsilon: 0.01
Эпизод: 357/1000 | Награда (Очки): 91.0 | Epsilon: 0.01
Эпизод: 358/1000 | Награда (Очки): 157.0 | Epsilon: 0.01
Эпизод: 359/1000 | Награда (Очки): 120.0 | Epsilon: 0.01
Эпизод: 360/1000 | Награда (Очки): 61.0 | Epsilon: 0.01
Эпизод: 361/1000 | Награда (Очки): 153.0 | Epsilon: 0.01
Эпизод: 362/1000 | Награда (Очки): 110.0 | Epsilon: 0.01
Эпизод: 363/1000 | Награда (Очки): 138.0 | Epsilon: 0.01
Эпизод: 364/1000 | Награда (Очки): 134.0 | Epsilon: 0.01
Эпизод: 365/1000 | Награда (Очки): 152.0 | Epsilon: 0.01
Эпизод: 366/1000 | Награда (Очки): 109.0 | Epsilon: 0.01
Эпизод: 367/1000 | Награда (Очки): 114.0 | Epsilon: 0.01
Эпизод: 368/1000 | Награда (Очки): 122.0 | Epsilon: 0.01
Эпизод: 369/1000 | Награда (Очки): 106.0 | Epsilon: 0.01
Эпизод: 370/1000 | Награда (Очки): 111.0 | Epsilon: 0.01
Эпизод: 371/1000 | Награда (Очки): 104.0 | Epsilon: 0.01
Эпизод: 372/1000 | Награда (Очки): 98.0 | Epsilon: 0.01
Эпизод: 373/1000 | Награда (Очки): 87.0 | Epsilon: 0.01
Эпизод: 374/1000 | Награда (Очки): 26.0 | Epsilon: 0.01
Эпизод: 375/1000 | Награда (Очки): 22.0 | Epsilon: 0.01
Эпизод: 376/1000 | Награда (Очки): 35.0 | Epsilon: 0.01
Эпизод: 377/1000 | Награда (Очки): 23.0 | Epsilon: 0.01
Эпизод: 378/1000 | Награда (Очки): 22.0 | Epsilon: 0.01
Эпизод: 379/1000 | Награда (Очки): 27.0 | Epsilon: 0.01
Эпизод: 380/1000 | Награда (Очки): 18.0 | Epsilon: 0.01
Эпизод: 381/1000 | Награда (Очки): 16.0 | Epsilon: 0.01
Эпизод: 382/1000 | Награда (Очки): 16.0 | Epsilon: 0.01
Эпизод: 383/1000 | Награда (Очки): 19.0 | Epsilon: 0.01
Эпизод: 384/1000 | Награда (Очки): 16.0 | Epsilon: 0.01
Эпизод: 385/1000 | Награда (Очки): 18.0 | Epsilon: 0.01
Эпизод: 386/1000 | Награда (Очки): 18.0 | Epsilon: 0.01
Эпизод: 387/1000 | Награда (Очки): 16.0 | Epsilon: 0.01
Эпизод: 388/1000 | Награда (Очки): 14.0 | Epsilon: 0.01
Эпизод: 389/1000 | Награда (Очки): 13.0 | Epsilon: 0.01
Эпизод: 390/1000 | Награда (Очки): 15.0 | Epsilon: 0.01
Эпизод: 391/1000 | Награда (Очки): 15.0 | Epsilon: 0.01
Эпизод: 392/1000 | Награда (Очки): 14.0 | Epsilon: 0.01
Эпизод: 393/1000 | Награда (Очки): 15.0 | Epsilon: 0.01
Эпизод: 394/1000 | Награда (Очки): 14.0 | Epsilon: 0.01
Эпизод: 395/1000 | Награда (Очки): 13.0 | Epsilon: 0.01
Эпизод: 396/1000 | Награда (Очки): 16.0 | Epsilon: 0.01
Эпизод: 397/1000 | Награда (Очки): 15.0 | Epsilon: 0.01
Эпизод: 398/1000 | Награда (Очки): 15.0 | Epsilon: 0.01
Эпизод: 399/1000 | Награда (Очки): 15.0 | Epsilon: 0.01
Эпизод: 400/1000 | Награда (Очки): 10.0 | Epsilon: 0.01
Эпизод: 401/1000 | Награда (Очки): 11.0 | Epsilon: 0.01
Эпизод: 402/1000 | Награда (Очки): 15.0 | Epsilon: 0.01
Эпизод: 403/1000 | Награда (Очки): 13.0 | Epsilon: 0.01
Эпизод: 404/1000 | Награда (Очки): 12.0 | Epsilon: 0.01
Эпизод: 405/1000 | Награда (Очки): 11.0 | Epsilon: 0.01
Эпизод: 406/1000 | Награда (Очки): 14.0 | Epsilon: 0.01
Эпизод: 407/1000 | Награда (Очки): 15.0 | Epsilon: 0.01
Эпизод: 408/1000 | Награда (Очки): 13.0 | Epsilon: 0.01
Эпизод: 409/1000 | Награда (Очки): 16.0 | Epsilon: 0.01
Эпизод: 410/1000 | Награда (Очки): 18.0 | Epsilon: 0.01
Эпизод: 411/1000 | Награда (Очки): 19.0 | Epsilon: 0.01
Эпизод: 412/1000 | Награда (Очки): 16.0 | Epsilon: 0.01
Эпизод: 413/1000 | Награда (Очки): 18.0 | Epsilon: 0.01
Эпизод: 414/1000 | Награда (Очки): 16.0 | Epsilon: 0.01
Эпизод: 415/1000 | Награда (Очки): 69.0 | Epsilon: 0.01
Эпизод: 416/1000 | Награда (Очки): 17.0 | Epsilon: 0.01
Эпизод: 417/1000 | Награда (Очки): 16.0 | Epsilon: 0.01
Эпизод: 418/1000 | Награда (Очки): 17.0 | Epsilon: 0.01
Эпизод: 419/1000 | Награда (Очки): 20.0 | Epsilon: 0.01
Эпизод: 420/1000 | Награда (Очки): 18.0 | Epsilon: 0.01
Эпизод: 421/1000 | Награда (Очки): 72.0 | Epsilon: 0.01
Эпизод: 422/1000 | Награда (Очки): 26.0 | Epsilon: 0.01
Эпизод: 423/1000 | Награда (Очки): 69.0 | Epsilon: 0.01
Эпизод: 424/1000 | Награда (Очки): 67.0 | Epsilon: 0.01
Эпизод: 425/1000 | Награда (Очки): 77.0 | Epsilon: 0.01
Эпизод: 426/1000 | Награда (Очки): 57.0 | Epsilon: 0.01
Эпизод: 427/1000 | Награда (Очки): 64.0 | Epsilon: 0.01
Эпизод: 428/1000 | Награда (Очки): 71.0 | Epsilon: 0.01
Эпизод: 429/1000 | Награда (Очки): 73.0 | Epsilon: 0.01
Эпизод: 430/1000 | Награда (Очки): 63.0 | Epsilon: 0.01
Эпизод: 431/1000 | Награда (Очки): 76.0 | Epsilon: 0.01
Эпизод: 432/1000 | Награда (Очки): 86.0 | Epsilon: 0.01
Эпизод: 433/1000 | Награда (Очки): 73.0 | Epsilon: 0.01
Эпизод: 434/1000 | Награда (Очки): 69.0 | Epsilon: 0.01
Эпизод: 435/1000 | Награда (Очки): 74.0 | Epsilon: 0.01
Эпизод: 436/1000 | Награда (Очки): 89.0 | Epsilon: 0.01
Эпизод: 437/1000 | Награда (Очки): 86.0 | Epsilon: 0.01
Эпизод: 438/1000 | Награда (Очки): 40.0 | Epsilon: 0.01
Эпизод: 439/1000 | Награда (Очки): 41.0 | Epsilon: 0.01
Эпизод: 440/1000 | Награда (Очки): 66.0 | Epsilon: 0.01
Эпизод: 441/1000 | Награда (Очки): 125.0 | Epsilon: 0.01
Эпизод: 442/1000 | Награда (Очки): 73.0 | Epsilon: 0.01
Эпизод: 443/1000 | Награда (Очки): 77.0 | Epsilon: 0.01
Эпизод: 444/1000 | Награда (Очки): 73.0 | Epsilon: 0.01
Эпизод: 445/1000 | Награда (Очки): 72.0 | Epsilon: 0.01
Эпизод: 446/1000 | Награда (Очки): 59.0 | Epsilon: 0.01
Эпизод: 447/1000 | Награда (Очки): 89.0 | Epsilon: 0.01
Эпизод: 448/1000 | Награда (Очки): 68.0 | Epsilon: 0.01
Эпизод: 449/1000 | Награда (Очки): 80.0 | Epsilon: 0.01
Эпизод: 450/1000 | Награда (Очки): 85.0 | Epsilon: 0.01
Эпизод: 451/1000 | Награда (Очки): 77.0 | Epsilon: 0.01
Эпизод: 452/1000 | Награда (Очки): 80.0 | Epsilon: 0.01
Эпизод: 453/1000 | Награда (Очки): 76.0 | Epsilon: 0.01
Эпизод: 454/1000 | Награда (Очки): 88.0 | Epsilon: 0.01
Эпизод: 455/1000 | Награда (Очки): 75.0 | Epsilon: 0.01
Эпизод: 456/1000 | Награда (Очки): 69.0 | Epsilon: 0.01
Эпизод: 457/1000 | Награда (Очки): 78.0 | Epsilon: 0.01
Эпизод: 458/1000 | Награда (Очки): 100.0 | Epsilon: 0.01
Эпизод: 459/1000 | Награда (Очки): 86.0 | Epsilon: 0.01
Эпизод: 460/1000 | Награда (Очки): 79.0 | Epsilon: 0.01
Эпизод: 461/1000 | Награда (Очки): 101.0 | Epsilon: 0.01
Эпизод: 462/1000 | Награда (Очки): 72.0 | Epsilon: 0.01
Эпизод: 463/1000 | Награда (Очки): 92.0 | Epsilon: 0.01
Эпизод: 464/1000 | Награда (Очки): 84.0 | Epsilon: 0.01
Эпизод: 465/1000 | Награда (Очки): 87.0 | Epsilon: 0.01
Эпизод: 466/1000 | Награда (Очки): 84.0 | Epsilon: 0.01
Эпизод: 467/1000 | Награда (Очки): 95.0 | Epsilon: 0.01
Эпизод: 468/1000 | Награда (Очки): 108.0 | Epsilon: 0.01
Эпизод: 469/1000 | Награда (Очки): 85.0 | Epsilon: 0.01
Эпизод: 470/1000 | Награда (Очки): 171.0 | Epsilon: 0.01
Эпизод: 471/1000 | Награда (Очки): 500.0 | Epsilon: 0.01
Среда успешно решена за 471 эпизодов!
[INFO] Модель успешно сохранена в файл: /home/isn0v/git/diploma-research/environments/cartpole/rl/results/dqn_cartpole_winner.pth
Общее время обучения: 15.08 секунд
Запускаем демонстрацию...
