Начинаем сравнительный анализ моделей DQN...

==================================================
 АНАЛИЗ МОДЕЛИ: DQN БАЗОВАЯ (ШТИЛЬ)
==================================================
[ОШИБКА] Файл модели не найден: /home/isn0v/git/diploma/diploma-research/environments/lunar-lander/rl/metrics/../results/best_model.zip

==================================================
 АНАЛИЗ МОДЕЛИ: DQN УНИВЕРСАЛЬНАЯ (ШТИЛЬ + ВЕТЕР)
==================================================

[Определение 2.1] Скорость обучения:
  Порог фитнеса (>200) достигнут: Да
  Общее число взаимодействий со средой (N_steps): 170,000
  Астрономическое время обучения до успеха (T_train): ~224 сек

[Определение 2.3] Сложность модели:
  Количество обучаемых параметров (P): 69,124
  Плотность связей (D): 1.0000 (100.0%) - Полносвязная архитектура

[Запуск симуляций... Это займет около минуты]

[Определение 2.2] Качество решения (Среда без ветра):
  Средняя награда (R_mean): 85.75
  Стабильность (SD_R): 186.07

[Определение 2.4] Робастность:
  Награда с зашумленными сенсорами (R_noisy): 70.13
  Снижение от шума (Robustness_noise): 18.21%
  Награда при сильном ветре (R_modified): 100.33
  Снижение от изменения среды (s_env): -17.00%
